### ISSUE TITLE
​[AARCH64] Official pre-built fcitx5-qt6 plugin triggers SIGBUS in updateClientSideUI

### ISSUE THREAD

**Issue by rD227** [fcitx/fcitx5#1573]
### Summary

看来导致崩溃的原因是预编译包中的问题

### Steps to Reproduce

更新archLInux arm 就会出现
sudo mv /usr/lib/qt6/plugins/platforminputcontexts/libfcitx5platforminputcontextplugin.so ~/就能修复
或者重新编译自己的包

​[AARCH64] fcitx5-qt6 预编译版本在 updateClientSideUI 触发 SIGBUS 崩溃

中文：
### 环境信息
- **设备/架构**: 小米平板 5 (nabu), AARCH64 (ARM64)
- **操作系统**: Arch Linux ARM (Wayland 会话, KDE Plasma 6)
- **受影响组件**:官方源预编译的 `fcitx5-qt` (Qt6 插件)

### 问题描述
在 AARCH64 架构的 Arch Linux ARM 上，启动 `systemsettings` 或运行 `plasmashell` 时会遭遇频繁的崩溃。经过在 KDE Bugzilla 团队协助下的排查，确认崩溃的元凶是 `libfcitx5platforminputcontextplugin.so`，只要将其移出插件目录，系统便不再崩溃。

编译debug包 bug就消失了，也没办法gdb：
- 使用 Arch Linux ARM **官方源预编译的软件包**：100% 触发 `SIGBUS` (总线错误 / 内存对齐错误)。
- 本地开启调试符号重新编译 (`OPTIONS+=(debug !strip)`)：崩溃**完全消失**，无法复现。
这表明该 Bug 极度依赖特定的编译器优化（如 LTO）或 Release 模式下的内存对齐方式。

### 崩溃堆栈 (Backtrace)
以下是官方预编译版触发崩溃时，由 `coredumpctl gdb` 抓到的其中一份完整 `plasmashell` 堆栈。可以看到崩溃最终都指向 `fcitx::FcitxQtInputContextProxy::updateClientSideUI` 之后的内存非法访问：

```gdb
#0  0x0000ffff8c72b674 in ?? () from /usr/lib/libc.so.6
#1  0x0000ffff8c6d8158 in raise () from /usr/lib/libc.so.6
#2  0x0000ffff8fdf4e44 in KCrash::defaultCrashHandler(int) () from /usr/lib/libKF6Crash.so.6
#3  <signal handler called>
#4  0x0000ffff8216177c in ?? () from /usr/lib/qt6/plugins/platforminputcontexts/libfcitx5platforminputcontextplugin.so
#5  0x0000ffff821569b4 in ?? () from /usr/lib/qt6/plugins/platforminputcontexts/libfcitx5platforminputcontextplugin.so
#6  0x0000ffff82149c38 in ?? () from /usr/lib/qt6/plugins/platforminputcontexts/libfcitx5platforminputcontextplugin.so
#7  0x0000ffff8214a788 in ?? () from /usr/lib/qt6/plugins/platforminputcontexts/libfcitx5platforminputcontextplugin.so
#8  0x0000ffff821527ec in ?? () from /usr/lib/qt6/plugins/platforminputcontexts/libfcitx5platforminputcontextplugin.so
#9  0x0000ffff8cd3c004 in ?? () from /usr/lib/libQt6Core.so.6
#10 0x0000ffff82133838 in ?? () from /usr/lib/qt6/plugins/platforminputcontexts/libfcitx5platforminputcontextplugin.so
#11 0x0000ffff821493ac in ?? () from /usr/lib/qt6/plugins/platforminputcontexts/libfcitx5platforminputcontextplugin.so
#12 0x0000ffff8cd3c004 in ?? () from /usr/lib/libQt6Core.so.6
#13 0x0000ffff820a2fc4 in fcitx::FcitxQtInputContextProxy::updateClientSideUI(QList<fcitx::FcitxQtFormattedPreedit> const&, int, QList<fcitx::FcitxQtFormattedPreedit> const&, QList<fcitx::FcitxQtFormattedPreedit> const&, QList<fcitx::FcitxQtStringKeyValue> const&, int, int, bool, bool) () from /usr/lib/libFcitx5Qt6DBusAddons.so.1
#14 0x0000ffff820ddcac in ?? () from /usr/lib/libFcitx5Qt6DBusAddons.so.1
#15 0x0000ffff8cd3c004 in ?? () from /usr/lib/libQt6Core.so.6
#16 0x0000ffff820a3074 in fcitx::FcitxQtInputContextProxyImpl::UpdateClientSideUI(QList<fcitx::FcitxQtFormattedPreedit>, int, QList<fcitx::FcitxQtFormattedPreedit>, QList<fcitx::FcitxQtFormattedPreedit>, QList<fcitx::FcitxQtStringKeyValue>, int, int, bool, bool) () from /usr/lib/libFcitx5Qt6DBusAddons.so.1
#17 0x0000ffff820a5058 in ?? () from /usr/lib/libFcitx5Qt6DBusAddons.so.1
#18 0x0000ffff820a7edc in fcitx::FcitxQtInputContextProxyImpl::qt_metacall(QMetaObject::Call, int, void**) () from /usr/lib/libFcitx5Qt6DBusAddons.so.1
#19 0x0000ffff8d2a08fc in ?? () from /usr/lib/libQt6DBus.so.6
#20 0x0000ffff8cd2ae94 in QObject::event(QEvent*) () from /usr/lib/libQt6Core.so.6
```

更多信息：[kde bug report](https://bugs.kde.org/show_bug.cgi?id=519874)

### Expected Behavior

崩溃，黑屏
弹出崩溃报告导致连续崩溃
只要弹出那种系统窗口，不是那种GTK窗口就会崩溃（系统窗口会连续崩溃在）

### Output of fcitx5-diagnose command

不知道为什么export LC_ALL=en_US.UTF-8
没用，，，，，，

# 系统信息:
1.  `uname -a`:

        Linux alarm 6.14.0-mainline-sm8150-g841784eacbf9 #10 SMP PREEMPT Tue, 08 Apr 2025 15:05:11 +0000 aarch64 GNU/Linux

2.  `lsb_release`:

    `lsb_release` 未找到.

3.  `/etc/lsb-release`:

    `/etc/lsb-release` 未找到.

4.  `/etc/os-release`:

        NAME="Arch Linux ARM"
        PRETTY_NAME="Arch Linux ARM"
        ID=archarm
        ID_LIKE=arch
        BUILD_ID=rolling
        ANSI_COLOR="38;2;23;147;209"
        HOME_URL="https://archlinuxarm.org/"
        DOCUMENTATION_URL="https://archlinuxarm.org/wiki"
        SUPPORT_URL="https://archlinuxarm.org/forum"
        BUG_REPORT_URL="https://github.com/archlinuxarm/PKGBUILDs/issues"
        LOGO=archlinux-logo

5.  桌面环境：

    无法确定桌面环境。

6.  XDG 会话类型：

        XDG_SESSION_TYPE='tty'

7.  Bash 版本：

        BASH_VERSION='5.3.9(1)-release'

# 环境：
1.  DISPLAY:

        DISPLAY=''

        WAYLAND_DISPLAY=''

2.  键盘布局：

    1.  `setxkbmap`:

            Cannot open display "default display"

    2.  `xprop`:

            xprop:  unable to open display ''

3.  Locale：

    1.  全部可用 locale：

            C
            C.utf8
            en_US.utf8
            POSIX
            zh_CN.utf8

    2.  当前 locale：

            LANG=en_US.UTF-8
            LC_CTYPE="zh_CN.UTF-8"
            LC_NUMERIC="zh_CN.UTF-8"
            LC_TIME="zh_CN.UTF-8"
            LC_COLLATE="zh_CN.UTF-8"
            LC_MONETARY="zh_CN.UTF-8"
            LC_MESSAGES="zh_CN.UTF-8"
            LC_PAPER="zh_CN.UTF-8"
            LC_NAME="zh_CN.UTF-8"
            LC_ADDRESS="zh_CN.UTF-8"
            LC_TELEPHONE="zh_CN.UTF-8"
            LC_MEASUREMENT="zh_CN.UTF-8"
            LC_IDENTIFICATION="zh_CN.UTF-8"
            LC_ALL=zh_CN.UTF-8

4.  目录：

    1.  主目录：

            /home/xvsu

    2.  `${XDG_CONFIG_HOME}`:

        环境变量 `XDG_CONFIG_HOME` 没有设定。

        `XDG_CONFIG_HOME` 的当前值是 `~/.config` (`/home/xvsu/.config`)。

    3.  Fcitx5 设置目录：

        当前 fcitx5 设置目录是 `~/.config/fcitx5` (`/home/xvsu/.config/fcitx5`)。

5.  当前用户：

    脚本作为 xvsu (1000) 运行。

# Fcitx 状态:
1.  可执行文件：

    在 `/usr/bin/fcitx5` 找到了 fcitx5。

2.  版本：

    Fcitx 版本: `5.1.17`

3.  进程：

    找到了 1 个 fcitx5 进程：

          18407 fcitx5

4.  `fcitx5-remote`:

    `fcitx5-remote` 工作正常。

5.  DBus 界面：

    使用 `dbus-send` 来检查 dbus。

    DBus 名称 `org.fcitx.Fcitx5` 的所有者是 `:1.54`。

    DBus 名称 `org.fcitx.Fcitx5` 的 PID 所有者是 `18407`。

    来自 dbus 的调试信息：

           Group [wayland:] has 2 InputContext(s)
          IC [9d61f78a906f401683825724ab820fcf] program:konsole frontend:dbus cap:e001820872 focus:1
          IC [5a22e8a873c945c893ec6d02ef0b75fc] program:plasmashell frontend:dbus cap:1e001800072 focus:0
        Group [x11::0] has 0 InputContext(s)
        Input Context without group

# 前端设置：
此脚本检查的环境变量仅能显示当前命令行的环境。仍有可能您的环境并没有应用于整个桌面。您可以通过使用命令对某个无法正常工作的进程使用命令 `xargs -0 -L1 /proc/$PID/environ` 检查此进程的实际的环境变量。

## Xim:
1.  `${XMODIFIERS}`:

    环境变量 XMODIFIERS 已经正确地设为了“@im=fcitx”。
    从环境变量中获取的 Xim 服务名称为 fcitx.

2.  根窗口上的 XIM_SERVERS：

    **无法在根窗口找到 xim_server。**

## Qt:
1.  qt4 - `${QT4_IM_MODULE}`:

    环境变量 QT_IM_MODULE 已经正确地设为了“fcitx”。

    **`fcitx5-qt4-immodule-probing` 未找到.**

2.  qt5 - `${QT_IM_MODULE}`:

    环境变量 QT_IM_MODULE 已经正确地设为了“fcitx”。

    使用 fcitx5-qt5-immodule-probing 来检查在当前环境下将被实际使用的输入法模块：

3.  qt6 - `${QT_IM_MODULE}`:

    环境变量 QT_IM_MODULE 已经正确地设为了“fcitx”。

    使用 fcitx5-qt6-immodule-probing 来检查在当前环境下将被实际使用的输入法模块：

4.  Qt 输入法模块文件：

    找到了 fcitx5 的 qt 输入法模块：`/usr/lib/qt/plugins/platforminputcontexts/libfcitx5platforminputcontextplugin.so`。
    找到了 fcitx5 qt6 模块：`/usr/lib/fcitx5/qt6/libfcitx-quickphrase-editor5.so`。
    找到了未知的 fcitx qt 模块：`/usr/lib/qt6/plugins/plasma/kcms/systemsettings/kcm_fcitx5.so`。
    找到了 fcitx5 的 qt6 输入法模块：`/usr/lib/qt6/plugins/platforminputcontexts/libfcitx5platforminputcontextplugin.so`。

    下列错误也许并不准确，因为对路径所对应的 Qt 版本的猜测取决于发行版如何打包 Qt。如果您不使用任何对应版本的 Qt 程序，或者在 Wayland 下使用 Qt 的 text-input 支持，下列错误也不是严重问题。
    **无法找到 Qt4 的 fcitx5 输入法模块。**

## Gtk:
1.  gtk - `${GTK_IM_MODULE}`:

    环境变量 GTK_IM_MODULE 已经正确地设为了“fcitx”。

    **`fcitx5-gtk2-immodule-probing` 未找到.**

    使用 fcitx5-gtk3-immodule-probing 来检查在当前环境下将被实际使用的输入法模块：

        GTK_IM_MODULE=fcitx

    使用 fcitx5-gtk4-immodule-probing 来检查在当前环境下将被实际使用的输入法模块：

2.  `gtk-query-immodules`:

    1.  gtk 2:

        **无法找到 gtk 2 的 `gtk-query-immodules`。**

        **无法找到 gtk 2 的 fcitx5 输入法模块。**

    2.  gtk 3:

        在 `/usr/bin/gtk-query-immodules-3.0` 找到了 gtk `3.24.52` 的 `gtk-query-immodules`。
        版本行：

            # Created by /usr/bin/gtk-query-immodules-3.0 from gtk+-3.24.52

        已找到 gtk `3.24.52` 的 fcitx5 输入法模块。

            "/usr/lib/gtk-3.0/3.0.0/immodules/im-fcitx5.so" 
            "fcitx" "Fcitx5 (Flexible Input Method Framework5)" "fcitx5" "/usr/locale" "ja:ko:zh:*" 
            "fcitx5" "Fcitx5 (Flexible Input Method Framework5)" "fcitx5" "/usr/locale" "ja:ko:zh:*" 

3.  Gtk 输入法模块缓存：

    1.  gtk 2:

        **无法找到 gtk 2 的输入法模块缓存**

        **无法在缓存中找到 gtk 2 的 fcitx5 输入法模块。**

    2.  gtk 3:

        在 `/usr/lib/gtk-3.0/3.0.0/immodules.cache` 找到了 gtk `3.24.52` 的输入法模块缓存。
        版本行：

            # Created by /usr/bin/gtk-query-immodules-3.0 from gtk+-3.24.52

        已找到 gtk `3.24.52` 的 fcitx5 输入法模块。

            "/usr/lib/gtk-3.0/3.0.0/immodules/im-fcitx5.so" 
            "fcitx" "Fcitx5 (Flexible Input Method Framework5)" "fcitx5" "/usr/locale" "ja:ko:zh:*" 
            "fcitx5" "Fcitx5 (Flexible Input Method Framework5)" "fcitx5" "/usr/locale" "ja:ko:zh:*" 

4.  Gtk 输入法模块文件：

    1.  gtk 2:

        找到的全部 Gtk 2 输入法模块文件均存在。

    2.  gtk 3:

        找到的全部 Gtk 3 输入法模块文件均存在。

    3.  gtk 4:

        找到的全部 Gtk 4 输入法模块文件均存在。

# 配置:
## Fcitx 插件：
1.  插件配置文件目录：

    找到了 fcitx5 的插件配置目录：`/usr/share/fcitx5/addon`。

2.  插件列表：

    1.  找到了 27 个已启用的插件：

            Simplified and Traditional Chinese Translation 5.1.11
            Classic User Interface 5.1.17
            Clipboard 5.1.17
            Cloud Pinyin 5.1.11
            DBus 5.1.17
            DBus Frontend 5.1.17
            Emoji 5.1.17
            Fcitx4 Frontend 5.1.17
            Full width character 5.1.11
            IBus Frontend 5.1.17
            Input method selector 5.1.17
            Keyboard 5.1.17
            KDE Input Method Panel 5.1.17
            Status Notifier 5.1.17
            Notification 5.1.17
            Pinyin 5.1.11
            Extra Pinyin functionality 5.1.11
            Punctuation 5.1.11
            Quick Phrase 5.1.17
            Spell 5.1.17
            Table 5.1.11
            Unicode 5.1.17
            DBus Virtual Keyboard 5.1.17
            Wayland 5.1.17
            Wayland Input method frontend 5.1.17
            XCB 5.1.17
            X Input Method Frontend 5.1.17

    2.  找到了 0 个被禁用的插件：

3.  插件库: 

    **无法找到插件 `Simplified` 所需的库 `libchttrans`。**

        libopencc.so.1.2

    **无法找到插件 `Simplified` 所需的库 `libchttrans`。**

        libopencc.so.1.2

4.  用户界面：

    找到了 3 个已启用的用户界面插件：

        Classic User Interface
        KDE Input Method Panel
        DBus Virtual Keyboard

## 输入法：
1.  `/home/xvsu/.config/fcitx5/profile`:

        [Groups/0]
        # Group Name
        Name=默认
        # Layout
        Default Layout=us
        # Default Input Method
        DefaultIM=pinyin

        [Groups/0/Items/0]
        # Name
        Name=keyboard-us
        # Layout
        Layout=

        [Groups/0/Items/1]
        # Name
        Name=pinyin
        # Layout
        Layout=us

        [Groups/0/Items/2]
        # Name
        Name=keyboard-cn
        # Layout
        Layout=

        [GroupOrder]
        0=默认

# 日志：
1.  `date`:

        2026年 06月 01日 星期一 00:52:01 CST

2.  `/home/xvsu/.config/fcitx5/crash.log`:

    `/home/xvsu/.config/fcitx5/crash.log` 未找到.

**Comment by CoelacanthusHex** [comment]
Use gdb `disassemble` and `list` feature to see which code snippet was misoptimized.

**Comment by rD227** [comment]
> Use gdb `disassemble` and `list` feature to see which code snippet was misoptimized.

I managed to reproduce the crash using the exact .so backup that caused the problem before. As you asked, I tried to use gdb's `disassemble` and `list` commands to look at the misoptimized code. I'm not a programmer or reverse engineer, so I'm not 100% sure if I did this right — please let me know if I should provide something else.

Here's what I got:

The signal was SIGBUS (Bus error). The crash is inside `libfcitx5platforminputcontextplugin.so.bak`.

- In frame #4 (the crash location), the disassembly shows:
  `ldaddal w0, w0, [x1]`
  followed by `ret`. At that moment, register x1 = 0xffffffffffffffff (-1), which looks like an invalid pointer.

- Frame #14 shows the calling code, which is the moc-generated signal:
  `void fcitx::FcitxQtInputContextProxy::updateClientSideUI(...) { ... QMetaObject::activate<void>(...); }`

I've attached the full gdb output (backtrace, `disassemble /m`, `list`, and `info registers`) in case you need more context. I'm sorry I can't interpret it further, but I hope this helps you spot the misoptimization. If you need a different frame or more details, please tell me exactly what to type in gdb and I'll do it.

Thank you!

(gdb) set debuginfod enabled on
(gdb) bt
#0  0x0000ffffbbb7a848 in ?? () from /usr/lib/libc.so.6
#1  0x0000ffffbbb27af8 in raise () from /usr/lib/libc.so.6
#2  0x0000ffffbed54e44 in KCrash::defaultCrashHandler(int) () from /usr/lib/libKF6Crash.so.6
#3  <signal handler called>
#4  0x0000ffffad35177c in ?? ()
   from /usr/lib/qt6/plugins/platforminputcontexts/libfcitx5platforminputcontextplugin.so.bak
#5  0x0000ffffad3469b4 in ?? ()
   from /usr/lib/qt6/plugins/platforminputcontexts/libfcitx5platforminputcontextplugin.so.bak
#6  0x0000ffffad339c38 in ?? ()
   from /usr/lib/qt6/plugins/platforminputcontexts/libfcitx5platforminputcontextplugin.so.bak
#7  0x0000ffffad33a788 in ?? ()
   from /usr/lib/qt6/plugins/platforminputcontexts/libfcitx5platforminputcontextplugin.so.bak
#8  0x0000ffffad3427ec in ?? ()
   from /usr/lib/qt6/plugins/platforminputcontexts/libfcitx5platforminputcontextplugin.so.bak
#9  0x0000ffffbc2209e4 in ?? () from /usr/lib/libQt6Core.so.6
#10 0x0000ffffad323838 in ?? ()
   from /usr/lib/qt6/plugins/platforminputcontexts/libfcitx5platforminputcontextplugin.so.bak
#11 0x0000ffffad3393ac in ?? ()
   from /usr/lib/qt6/plugins/platforminputcontexts/libfcitx5platforminputcontextplugin.so.bak
#12 0x0000ffffbc2209e4 in ?? () from /usr/lib/libQt6Core.so.6
#13 0x0000ffffad28f084 in QMetaObject::activate<void, QList<fcitx::FcitxQtFormattedPreedit>, int, QList<fcitx::FcitxQtFormattedPreedit>, QList<fcitx::FcitxQtFormattedPreedit>, QList<fcitx::FcitxQtStringKeyValue>, int, int, bool, bool> (sender=<optimized out>, mo=0xffffad2fedc0 <fcitx::FcitxQtInputContextProxy::staticMetaObject>, 
    local_signal_index=5, ret=0x0) at /usr/include/qt6/QtCore/qobjectdefs.h:319
#14 fcitx::FcitxQtInputContextProxy::updateClientSideUI (this=<optimized out>, _t1=..., _t2=<optimized out>, 
    _t3=..., _t4=..., _t5=..., _t6=<optimized out>, _t7=<optimized out>, _t8=<optimized out>, _t9=<optimized out>)
    at /usr/src/debug/fcitx5-qt/fcitx5-qt/qt6/dbusaddons/Fcitx5Qt6DBusAddons_autogen/EWIEGA46WW/moc_fcitxqtinputcontextproxy.cpp:366
#15 0x0000ffffad2cb44c in QtPrivate::FunctorCall<std::integer_sequence<unsigned long, 0ul, 1ul, 2ul, 3ul, 4ul, 5ul, 6ul, 7ul, 8ul>, QtPrivate::List<QList<fcitx::FcitxQtFormattedPreedit>, int, QList<fcitx::FcitxQtFormattedPreedit>, QList<fcitx::FcitxQtFormattedPreedit>, QList<fcitx::FcitxQtStringKeyValue>, int, int, bool, bool>, void, void (fcitx::FcitxQtInputContextProxy::*)(QList<fcitx::FcitxQtFormattedPreedit> const&, int, QList<fcitx::FcitxQtFormattedPreedit> const&, QList<fcitx::FcitxQtFormattedPreedit> const&, QList<fcitx::FcitxQtStringKeyValue> const&, int, int, --Type <RET> for more, q to quit, c to continue without paging--disassemble
bool, bool)>::call(void (fcitx::FcitxQtInputContextProxy::*)(QList<fcitx::FcitxQtFormattedPreedit> const&, int, QList<fcitx::FcitxQtFormattedPreedit> const&, QList<fcitx::FcitxQtFormattedPreedit> const&, QList<fcitx::FcitxQtStringKeyValue> const&, int, int, bool, bool), fcitx::FcitxQtInputContextProxy*, void**)::{lambda()#1}::operator()() const (__closure=<optimized out>) at /usr/include/qt6/QtCore/qobjectdefs_impl.h:126
#16 QtPrivate::FunctorCallBase::call_internal<void, QtPrivate::FunctorCall<std::integer_sequence<unsigned long, 0ul, 1ul, 2ul, 3ul, 4ul, 5ul, 6ul, 7ul, 8ul>, QtPrivate::List<QList<fcitx::FcitxQtFormattedPreedit>, int, QList<fcitx::FcitxQtFormattedPreedit>, QList<fcitx::FcitxQtFormattedPreedit>, QList<fcitx::FcitxQtStringKeyValue>, int, int, bool, bool>, void, void (fcitx::FcitxQtInputContextProxy::*)(QList<fcitx::FcitxQtFormattedPreedit> const&, int, QList<fcitx::FcitxQtFormattedPreedit> const&, QList<fcitx::FcitxQtFormattedPreedit> const&, QList<fcitx::FcitxQtStringKeyValue> const&, int, int, bool, bool)>::call(void (fcitx::FcitxQtInputContextProxy::*)(QList<fcitx::FcitxQtFormattedPreedit> const&, int, QList<fcitx::FcitxQtFormattedPreedit> const&, QList<fcitx::FcitxQtFormattedPreedit> const&, QList<fcitx::FcitxQtStringKeyValue> const&, int, int, bool, bool), fcitx::FcitxQtInputContextProxy*, void**)::{lambda()#1}>(void**, QtPrivate::FunctorCall<std::integer_sequence<unsigned long, 0ul, 1ul, 2ul, 3ul, 4ul, 5ul, 6ul, 7ul, 8ul>, QtPrivate::List<QList<fcitx::FcitxQtFormattedPreedit>, int, QList<fcitx::FcitxQtFormattedPreedit>, QList<fcitx::FcitxQtFormattedPreedit>, QList<fcitx::FcitxQtStringKeyValue>, int, int, bool, bool>, void, void (fcitx::FcitxQtInputContextProxy::*)(QList<fcitx::FcitxQtFormattedPreedit> const&, int, QList<fcitx::FcitxQtFormattedPreedit> const&, QList<fcitx::FcitxQtFormattedPreedit> const&, QList<fcitx::FcitxQtStringKeyValue> const&, int, int, bool, bool)>::call(void (fcitx::FcitxQtInputContextProxy::*)(QList<fcitx::FcitxQtFormattedPreedit> const&, int, QList<fcitx::FcitxQtFormattedPreedit> const&, QList<fcitx::FcitxQtFormattedPreedit> const&, QList<fcitx::FcitxQtStringKeyValue> const&, int, int, bool, bool), fcitx::FcitxQtInputContextProxy*, void**)::{lambda()#1}&&) (args=<optimized out>, 
    fn=...) at /usr/include/qt6/QtCore/qobjectdefs_impl.h:65
#17 QtPrivate::FunctorCall<std::integer_sequence<unsigned long, 0ul, 1ul, 2ul, 3ul, 4ul, 5ul, 6ul, 7ul, 8ul>, QtPrivate::List<QList<fcitx::FcitxQtFormattedPreedit>, int, QList<fcitx::FcitxQtFormattedPreedit>, QList<fcitx::FcitxQtFormattedPreedit>, QList<fcitx::FcitxQtStringKeyValue>, int, int, bool, bool>, void, void (fcitx::FcitxQtInputContextProxy::*)(QList<fcitx::FcitxQtFormattedPreedit> const&, int, QList<fcitx::FcitxQtFormattedPreedit> const&, QList<fcitx::FcitxQtFormattedPreedit> const&, QList<fcitx::FcitxQtStringKeyValue> const&, int, int, bool, bool)>::call (
    f=<optimized out>, o=<optimized out>, arg=<optimized out>) at /usr/include/qt6/QtCore/qobjectdefs_impl.h:126
#18 QtPrivate::FunctionPointer<void (fcitx::FcitxQtInputContextProxy::*)(QList<fcitx::FcitxQtFormattedPreedit> const&, int, QList<fcitx::FcitxQtFormattedPreedit> const&, QList<fcitx::FcitxQtFormattedPreedit> const&, QList<fcitx::FcitxQtStringKeyValue> const&, int, int, bool, bool)>::call<QtPrivate::List<QList<fcitx::FcitxQtFormattedPreedit>, int, QList<fcitx::FcitxQtFormattedPreedit>, QList<fcitx::FcitxQtFormattedPreedit>, QList<fcitx::FcitxQtStringKeyValue>, int, int, bool, bool>, void> (f=<optimized out>, o=<optimized out>, arg=<optimized out>)
    at /usr/include/qt6/QtCore/qobjectdefs_impl.h:174
--Type <RET> for more, q to quit, c to continue without paging--frame 4
#19 QtPrivate::QCallableObject<void (fcitx::FcitxQtInputContextProxy::*)(QList<fcitx::FcitxQtFormattedPreedit> const&, int, QList<fcitx::FcitxQtFormattedPreedit> const&, QList<fcitx::FcitxQtFormattedPreedit> const&, QList<fcitx::FcitxQtStringKeyValue> const&, int, int, bool, bool), QtPrivate::List<QList<fcitx::FcitxQtFormattedPreedit>, int, QList<fcitx::FcitxQtFormattedPreedit>, QList<fcitx::FcitxQtFormattedPreedit>, QList<fcitx::FcitxQtStringKeyValue>, int, int, bool, bool>, void>::impl (which=<optimized out>, this_=<optimized out>, r=<optimized out>, 
    a=<optimized out>, ret=<optimized out>) at /usr/include/qt6/QtCore/qobjectdefs_impl.h:545
#20 0x0000ffffbc2209e4 in ?? () from /usr/lib/libQt6Core.so.6
#21 0x0000ffffad28f134 in QMetaObject::activate<void, QList<fcitx::FcitxQtFormattedPreedit>, int, QList<fcitx::FcitxQtFormattedPreedit>, QList<fcitx::FcitxQtFormattedPreedit>, QList<fcitx::FcitxQtStringKeyValue>, int, int, bool, bool> (sender=<optimized out>, mo=0xffffad2feb40 <fcitx::FcitxQtInputContextProxyImpl::staticMetaObject>, 
    local_signal_index=5, ret=0x0) at /usr/include/qt6/QtCore/qobjectdefs.h:319
#22 fcitx::FcitxQtInputContextProxyImpl::UpdateClientSideUI (this=<optimized out>, _t1=..., _t2=<optimized out>, 
    _t2@entry=-1, _t3=..., _t4=..., _t5=..., _t6=<optimized out>, _t7=<optimized out>, _t8=<optimized out>, 
    _t9=<optimized out>)
    at /usr/src/debug/fcitx5-qt/fcitx5-qt/qt6/dbusaddons/Fcitx5Qt6DBusAddons_autogen/EWIEGA46WW/moc_fcitxqtinputcontextproxyimpl.cpp:350
#23 0x0000ffffad291218 in fcitx::FcitxQtInputContextProxyImpl::qt_static_metacall (_o=<optimized out>, 
    _c=<optimized out>, _id=<optimized out>, _a=<optimized out>)
    at /usr/src/debug/fcitx5-qt/fcitx5-qt/qt6/dbusaddons/Fcitx5Qt6DBusAddons_autogen/EWIEGA46WW/moc_fcitxqtinputcontextproxyimpl.cpp:224
#24 0x0000ffffad294438 in fcitx::FcitxQtInputContextProxyImpl::qt_metacall (this=0xaaaaee46f240, 
    _c=<optimized out>, _id=5, _a=0xfffffa04f3e8)
    at /usr/src/debug/fcitx5-qt/fcitx5-qt/qt6/dbusaddons/Fcitx5Qt6DBusAddons_autogen/EWIEGA46WW/moc_fcitxqtinputcontextproxyimpl.cpp:306
#25 0x0000ffffbc77fe3c in ?? () from /usr/lib/libQt6DBus.so.6
#26 0x0000ffffbc20f874 in QObject::event(QEvent*) () from /usr/lib/libQt6Core.so.6
#27 0x0000ffffbd975830 in QApplicationPrivate::notify_helper(QObject*, QEvent*) ()
   from /usr/lib/libQt6Widgets.so.6
#28 0x0000ffffbc1a5078 in QCoreApplication::notifyInternal2(QObject*, QEvent*) () from /usr/lib/libQt6Core.so.6
#29 0x0000ffffbc1a9638 in QCoreApplicationPrivate::sendPostedEvents(QObject*, int, QThreadData*) ()
   from /usr/lib/libQt6Core.so.6
#30 0x0000ffffbc5234fc in ?? () from /usr/lib/libQt6Core.so.6
#31 0x0000ffffbb286370 in ?? () from /usr/lib/libglib-2.0.so.0
--Type <RET> for more, q to quit, c to continue without paging--disassemble
#32 0x0000ffffbb28a034 in ?? () from /usr/lib/libglib-2.0.so.0
#33 0x0000ffffbb28aa04 in g_main_context_iteration () from /usr/lib/libglib-2.0.so.0
#34 0x0000ffffbc522974 in QEventDispatcherGlib::processEvents(QFlags<QEventLoop::ProcessEventsFlag>) ()
   from /usr/lib/libQt6Core.so.6
#35 0x0000ffffbc1b3e48 in QEventLoop::exec(QFlags<QEventLoop::ProcessEventsFlag>) () from /usr/lib/libQt6Core.so.6
#36 0x0000ffffbc1ae89c in QCoreApplication::exec() () from /usr/lib/libQt6Core.so.6
#37 0x0000aaaad8b52684 in ?? ()
#38 0x0000ffffbbb12d94 in ?? () from /usr/lib/libc.so.6
#39 0x0000ffffbbb12ef8 in __libc_start_main () from /usr/lib/libc.so.6
#40 0x0000aaaad8b543b0 in ?? ()
(gdb) frame 4
#4  0x0000ffffad35177c in ?? ()
   from /usr/lib/qt6/plugins/platforminputcontexts/libfcitx5platforminputcontextplugin.so.bak
(gdb) disassemble /m
❌ No function contains program counter for selected frame.
(gdb) x/20i $pc
=> 0xffffad35177c:      ldaddal w0, w0, [x1]
   0xffffad351780:      ret
   0xffffad351784:      mov     w16, w0
   0xffffad351788:      ldaxr   w0, [x1]
   0xffffad35178c:      add     w17, w0, w16
   0xffffad351790:      stlxr   w15, w17, [x1]
   0xffffad351794:      cbnz    w15, 0xffffad351788
   0xffffad351798:      ret
   0xffffad35179c:      paciasp
   0xffffad3517a0:      stp     x29, x30, [sp, #-16]!
   0xffffad3517a4:      mov     x29, sp
   0xffffad3517a8:      ldp     x29, x30, [sp], #16
   0xffffad3517ac:      autiasp
   0xffffad3517b0:      ret
   0xffffad3517b4:      udf     #0
   0xffffad3517b8:      udf     #0
   0xffffad3517bc:      udf     #0
   0xffffad3517c0:      .inst   0x000d004b ; undefined
   0xffffad3517c4:      .inst   0x001b0034 ; undefined
   0xffffad3517c8:      .inst   0x006a002b ; undefined
(gdb) info registers
x0             0x1                 1
x1             0xffffffffffffffff  -1
x2             0x0                 0
x3             0xaaaaeea1e180      187651124748672
x4             0xaaaaee11e9c0      187651115313600
x5             0x3                 3
x6             0x3                 3
x7             0xffffbbcb6000      281473832411136
x8             0xffffbbcb0960      281473832388960
x9             0x10                16
x10            0x0                 0
x11            0xffffbbcb0000      281473832386560
x12            0x710               1808
x13            0xffffbeff8ee0      281473886162656
x14            0x20                32
x15            0x0                 0
x16            0x1                 1
x17            0xaaaaeef9fbc0      187651130522560
x18            0x401               1025
x19            0xaaaaeea8c870      187651125201008
x20            0xfffffa04eaf0      281474876369648
x21            0xaaaaee718930      187651121580336
x22            0xaaaaeea8c950      187651125201232
x23            0xfffffa04ead0      281474876369616
x24            0xffffffffffffffff  -1
x25            0xffffffff          4294967295
x26            0xaaaaeea8c968      187651125201256
x27            0xaaaaeea8c8b0      187651125201072
x28            0xaaaaee11e9d0      187651115313616
x29            0xfffffa04eb50      281474876369744
x30            0xffffad3469b4      281473587636660
sp             0xfffffa04ea60      0xfffffa04ea60
pc             0xffffad35177c      0xffffad35177c
--Type <RET> for more, q to quit, c to continue without paging--
cpsr           0x60001000          [ EL=0 BTYPE=0 SSBS C Z ]
fpsr           0x11                [ IOC IXC ]
fpcr           0x0                 [ Len=0 Stride=0 RMode=0 ]
tpidr          0xffffbeff8ee0      0xffffbeff8ee0
tpidr2         0x0                 0x0
(gdb) frame 14
#14 fcitx::FcitxQtInputContextProxy::updateClientSideUI (this=<optimized out>, _t1=..., _t2=<optimized out>, 
    _t3=..., _t4=..., _t5=..., _t6=<optimized out>, _t7=<optimized out>, _t8=<optimized out>, _t9=<optimized out>)
    at /usr/src/debug/fcitx5-qt/fcitx5-qt/qt6/dbusaddons/Fcitx5Qt6DBusAddons_autogen/EWIEGA46WW/moc_fcitxqtinputcontextproxy.cpp:366
366         QMetaObject::activate<void>(this, &staticMetaObject, 5, nullptr, _t1, _t2, _t3, _t4, _t5, _t6, _t7, _t8, _t9);
(gdb) list
361     }
362
363     // SIGNAL 5
364     void fcitx::FcitxQtInputContextProxy::updateClientSideUI(const FcitxQtFormattedPreeditList & _t1, int _t2, const FcitxQtFormattedPreeditList & _t3, const FcitxQtFormattedPreeditList & _t4, const FcitxQtStringKeyValueList & _t5, int _t6, int _t7, bool _t8, bool _t9)
365     {
366         QMetaObject::activate<void>(this, &staticMetaObject, 5, nullptr, _t1, _t2, _t3, _t4, _t5, _t6, _t7, _t8, _t9);
367     }
368
369     // SIGNAL 6
370     void fcitx::FcitxQtInputContextProxy::inputContextCreated(const QByteArray & _t1)
(gdb) disassemble /m
Dump of assembler code for function _ZN5fcitx24FcitxQtInputContextProxy18updateClientSideUIERK5QListINS_23FcitxQtFormattedPreeditEEiS5_S5_RKS1_INS_21FcitxQtStringKeyValueEEiibb:
365     {
   0x0000ffffad28f010 <+0>:     sub     sp, sp, #0x80
   0x0000ffffad28f014 <+4>:     stp     x29, x30, [sp, #112]
   0x0000ffffad28f018 <+8>:     add     x29, sp, #0x70
   0x0000ffffad28f01c <+12>:    str     w2, [sp, #12]
   0x0000ffffad28f020 <+16>:    adrp    x2, 0xffffad2ff000 <_ZN5fcitx24FcitxQtInputContextProxy36qt_staticMetaObjectRelocatingContentIN12_GLOBAL__N_149qt_meta_tag_ZN5fcitx24FcitxQtInputContextProxyE_tEEE+512>
   0x0000ffffad28f024 <+20>:    ldr     x2, [x2, #3552]
   0x0000ffffad28f028 <+24>:    stp     w7, w6, [sp, #4]
   0x0000ffffad28f02c <+28>:    ldr     x6, [x2]
   0x0000ffffad28f030 <+32>:    str     x6, [sp, #104]
   0x0000ffffad28f034 <+36>:    mov     x6, #0x0                        // #0

366         QMetaObject::activate<void>(this, &staticMetaObject, 5, nullptr, _t1, _t2, _t3, _t4, _t5, _t6, _t7, _t8, _t9);
367     }
=> 0x0000ffffad28f084 <+116>:   adrp    x0, 0xffffad2ff000 <_ZN5fcitx24FcitxQtInputContextProxy36qt_staticMetaObjectRelocatingContentIN12_GLOBAL__N_149qt_meta_tag_ZN5fcitx24FcitxQtInputContextProxyE_tEEE+512>
   0x0000ffffad28f088 <+120>:   ldr     x0, [x0, #3552]
   0x0000ffffad28f08c <+124>:   ldr     x2, [sp, #104]
   0x0000ffffad28f090 <+128>:   ldr     x1, [x0]
   0x0000ffffad28f094 <+132>:   subs    x2, x2, x1
   0x0000ffffad28f098 <+136>:   mov     x1, #0x0                        // #0
   0x0000ffffad28f09c <+140>:   b.ne    0xffffad28f0ac <_ZN5fcitx24FcitxQtInputContextProxy18updateClientSideUIERK5QListINS_23FcitxQtFormattedPreeditEEiS5_S5_RKS1_INS_21FcitxQtStringKeyValueEEiibb+156>  // b.any
   0x0000ffffad28f0a0 <+144>:   ldp     x29, x30, [sp, #112]
   0x0000ffffad28f0a4 <+148>:   add     sp, sp, #0x80
   0x0000ffffad28f0a8 <+152>:   ret
   0x0000ffffad28f0ac <+156>:   adrp    x0, 0xffffad2ff000 <_ZN5fcitx24FcitxQtInputContextProxy36qt_staticMetaObjectRelocatingContentIN12_GLOBAL__N_149qt_meta_tag_ZN5fcitx24FcitxQtInputContextProxyE_tEEE+512>
   0x0000ffffad28f0b0 <+160>:   ldr     x0, [x0, #3808]
--Type <RET> for more, q to quit, c to continue without paging--
   0x0000ffffad28f0b4 <+164>:   blr     x0
   0x0000ffffad28f0b8:  nop
   0x0000ffffad28f0bc:  nop

End of assembler dump.
(gdb)

**Comment by CoelacanthusHex** [comment]
The function raise SIGBUS seems just some kind of `atomic_fetch_add_acqrel(val, ptr)` cross-platform wrapper, so issue is, some functions (frame #5) pass a -1 as pointer into it. Since you have no debuginfo, you can only use disassemble. Switch to frame #5 then execuate `disassemble`, try to finger out where -1 come from (LLM will help you if you can't understand complex arm64 asm), if it come from arguments, switch to frame N+1 and repeat these steps. Until you find where it com from. Good luck to you.

**Comment by rD227** [comment]
> The function raise SIGBUS seems just some kind of `atomic_fetch_add_acqrel(val, ptr)` cross-platform wrapper, so issue is, some functions (frame #5) pass a -1 as pointer into it. Since you have no debuginfo, you can only use disassemble. Switch to frame #5 then execuate `disassemble`, try to finger out where -1 come from (LLM will help you if you can't understand complex arm64 asm), if it come from arguments, switch to frame N+1 and repeat these steps. Until you find where it com from. Good luck to you.

I traced the -1 back to its source as you suggested:

1. frame #4 crashes on `ldaddal w0, w0, [x1]` inside the atomic wrapper at 0xffffad351770.
2. In frame #5 (0xffffad3469b4), x1 comes from `mov x1, x24` at 0xffffad3469a4.
3. x24 was loaded at 0xffffad346998 via `ldp x24, x4, [x0, #400]`.
4. That x0 came from `ldr x0, [x0]` at 0xffffad34697c, which dereferences the global pointer `QWaylandIntegration::sInstance` (0xffffb5ff3b10).
5. I checked the contents of sInstance + 400 in the core dump: it's a valid pointer (0xaaaaee477940), not -1.
6. Yet at the moment of the crash, x24 (and thus x1) is -1.

This suggests that either:
- The compiler optimization caused an incorrect offset calculation, so the loaded value is not actually from offset 400, or
- The object layout/initialization order is wrong, and offset 400 hasn't been written yet when this code runs.

I've attached the full GDB session with disassembly and register values. Please let me know if you need any further frames or checks.

Thank you!

frame 5 disassembly:
   0xffffad3469a4:   mov   x1, x24
   0xffffad3469a8:   mov   w0, #0x1
   0xffffad3469ac:   str   x4, [sp, #8]
   0xffffad3469b0:   bl    0xffffad351770
   0xffffad3469b4:   ldr   w0, [x24]    <-- this is frame #5

x24 at crash: 0xffffffffffffffff

Global pointer dereference:
   0xffffad346978:   ldr   x0, [x0, #1928]
   0xffffad34697c:   ldr   x0, [x0]     --> x0 = sInstance
   0xffffad346998:   ldp   x24, x4, [x0, #400]

**Comment by rD227** [comment]
**BTW, I found that the version I compiled myself was more newer than the one in the mirrorlist**

[xvsu@alarm ~]$ cat /etc/pacman.d/mirrorlist | head -10

\#

\# Arch Linux ARM repository mirrorlist

\# Generated on 2023-02-06

\#

\#Server = https://pkgmirror.sametimetomorrow.net/$arch/repos/2026/03/17/$repo


Server = http://mirror.archlinuxarm.org/$arch/$repo

[xvsu@alarm ~]$ pacman -Si fcitx5-qt
Repository      : extra
Name            : fcitx5-qt

Version         : 5.1.12-2

Description     : Fcitx5 Qt Library (Qt5 & Qt6 integrations)
Architecture    : aarch64
URL             : https://github.com/fcitx/fcitx5-qt
Licenses        : LGPL-2.1-or-later AND BSD-3-Clause
Groups          : fcitx5-im
Provides        : None
Depends On      : glibc  gcc-libs  libxcb  libxkbcommon  fcitx5  qt6-base  wayland
Optional Deps   : None
Conflicts With  : None
Replaces        : None
Download Size   : 395.68 KiB
Installed Size  : 2386.38 KiB
Packager        : Arch Linux ARM Build System <builder+seattle@archlinuxarm.org>
Build Date      : 2026年02月01日 星期日 01时38分20秒
Validated By    : MD5 Sum  SHA-256 Sum  Signature

[xvsu@alarm ~]$ pacman -Q fcitx5-qt
fcitx5-qt 5.1.13-4

**Comment by CoelacanthusHex** [comment]
> BTW, I found that the version I compiled myself was more newer than the one in the mirrorlist

Since that, I suggest you rebuild a exact same version to test, it may be just a missing rebuild. e.g. IIRC, when Qt upgrade, fcitx5-qt need to be rebuild.

**Comment by rD227** [comment]
> > BTW, I found that the version I compiled myself was more newer than the one in the mirrorlist
> 
> Since that, I suggest you rebuild a exact same version to test, it may be just a missing rebuild. e.g. IIRC, when Qt upgrade, fcitx5-qt need to be rebuild.

It might take longer because I've been busy lately, and it's finals week.

**Comment by wengxt** [comment]
Likely due to package need to rebuild.
